[INFO] Scanning for projects...
[INFO] 
[INFO] ------------------< com.careerplanner:CareerPlanner >-------------------
[INFO] Building CareerPlanner 1.0-SNAPSHOT
[INFO]   from pom.xml
[INFO] --------------------------------[ jar ]---------------------------------
[INFO] 
[INFO] --- clean:3.2.0:clean (default-clean) @ CareerPlanner ---
[INFO] Deleting /home/runner/workspace/target
[INFO] 
[INFO] --- resources:3.3.1:resources (default-resources) @ CareerPlanner ---
[INFO] Copying 7 resources from src/main/resources to target/classes
[INFO] 
[INFO] --- compiler:3.8.1:compile (default-compile) @ CareerPlanner ---
[INFO] Changes detected - recompiling the module!
[INFO] Compiling 20 source files to /home/runner/workspace/target/classes
[INFO] /home/runner/workspace/src/main/java/com/careerplanner/util/PDFGenerator.java: /home/runner/workspace/src/main/java/com/careerplanner/util/PDFGenerator.java uses or overrides a deprecated API.
[INFO] /home/runner/workspace/src/main/java/com/careerplanner/util/PDFGenerator.java: Recompile with -Xlint:deprecation for details.
[INFO] /home/runner/workspace/src/main/java/com/careerplanner/util/DataManager.java: Some input files use unchecked or unsafe operations.
[INFO] /home/runner/workspace/src/main/java/com/careerplanner/util/DataManager.java: Recompile with -Xlint:unchecked for details.
[INFO] Some messages have been simplified; recompile with -Xdiags:verbose to get full output
[INFO] -------------------------------------------------------------
[ERROR] COMPILATION ERROR : 
[INFO] -------------------------------------------------------------
[ERROR] /home/runner/workspace/src/main/java/com/careerplanner/util/DataManager.java:[577,53] incompatible types: int cannot be converted to java.lang.String
[ERROR] /home/runner/workspace/src/main/java/com/careerplanner/util/DataManager.java:[580,37] incompatible types: int cannot be converted to java.lang.String
[ERROR] /home/runner/workspace/src/main/java/com/careerplanner/util/DataManager.java:[607,59] incompatible types: int cannot be converted to java.lang.String
[ERROR] /home/runner/workspace/src/main/java/com/careerplanner/util/DataManager.java:[610,43] incompatible types: int cannot be converted to java.lang.String
[INFO] 4 errors 
[INFO] -------------------------------------------------------------
[INFO] ------------------------------------------------------------------------
[INFO] BUILD FAILURE
[INFO] ------------------------------------------------------------------------
[INFO] Total time:  2.943 s
[INFO] Finished at: 2025-04-24T16:55:46Z
[INFO] ------------------------------------------------------------------------
[ERROR] Failed to execute goal org.apache.maven.plugins:maven-compiler-plugin:3.8.1:compile (default-compile) on project CareerPlanner: Compilation failure: Compilation failure: 
[ERROR] /home/runner/workspace/src/main/java/com/careerplanner/util/DataManager.java:[577,53] incompatible types: int cannot be converted to java.lang.String
[ERROR] /home/runner/workspace/src/main/java/com/careerplanner/util/DataManager.java:[580,37] incompatible types: int cannot be converted to java.lang.String
[ERROR] /home/runner/workspace/src/main/java/com/careerplanner/util/DataManager.java:[607,59] incompatible types: int cannot be converted to java.lang.String
[ERROR] /home/runner/workspace/src/main/java/com/careerplanner/util/DataManager.java:[610,43] incompatible types: int cannot be converted to java.lang.String
[ERROR] -> [Help 1]
[ERROR] 
[ERROR] To see the full stack trace of the errors, re-run Maven with the -e switch.
[ERROR] Re-run Maven using the -X switch to enable full debug logging.
[ERROR] 
[ERROR] For more information about the errors and possible solutions, please read the following articles:
[ERROR] [Help 1] http://cwiki.apache.org/confluence/display/MAVEN/MojoFailureException
